<?xml version="1.0" encoding="UTF-8"?>
<!-- Generated by org.testng.reporters.JUnitXMLReporter -->
<testsuite ignored="1" hostname="swarpaul-mac" failures="1" tests="1" name="Default test(failed)" time="0.018" errors="0" timestamp="2023-01-03T16:36:41 IST">
  <testcase classname="org.selenium.rait.testng.DemoTest2" name="test2" time="0.004">
    <failure type="java.lang.AssertionError" message="null">
      <![CDATA[java.lang.AssertionError: null
at org.selenium.rait.testng.DemoTest2.test2(DemoTest2.java:20)
at java.base/java.util.ArrayList.forEach(ArrayList.java:1511)
... Removed 27 stack frames]]>
    </failure>
  </testcase> <!-- test2 -->
  <testcase classname="org.selenium.rait.testng.DemoTest2" name="test1" time="0.0">
    <ignored/>
  </testcase> <!-- test1 -->
</testsuite> <!-- Default test(failed) -->
